# JRE version: OpenJDK Runtime Environment Temurin-21.0.10+7 (21.0.10+7) (build 21.0.10+7-LTS)
# Java VM: OpenJDK 64-Bit Server VM Temurin-21.0.10+7 (21.0.10+7-LTS, mixed mode, sharing, tiered, compressed oops, compressed class ptrs, parallel gc, windows-amd64)
GC Precious Log:
 CardTable entry size: 512
 CPUs: 12 total, 12 available
 Memory: 7852M
 Large Page Support: Disabled
 NUMA Support: Disabled
 Compressed Oops: Enabled (32-bit)
 Alignments: Space 512K, Generation 512K, Heap 2M
 Heap Min Capacity: 100M
 Heap Initial Capacity: 100M
 Heap Max Capacity: 2G
 Pre-touch: Disabled
 Parallel Workers: 10
Heap:
 PSYoungGen      total 19456K, used 11358K [0x00000000d5580000, 0x00000000d6c00000, 0x0000000100000000)
  eden space 18944K, 57% used [0x00000000d5580000,0x00000000d601f928,0x00000000d6800000)
  from space 512K, 93% used [0x00000000d6b80000,0x00000000d6bf8000,0x00000000d6c00000)
  to   space 1024K, 0% used [0x00000000d6a00000,0x00000000d6a00000,0x00000000d6b00000)
 ParOldGen       total 68608K, used 33736K [0x0000000080000000, 0x0000000084300000, 0x00000000d5580000)
  object space 68608K, 49% used [0x0000000080000000,0x00000000820f20d0,0x0000000084300000)
 Metaspace       used 43715K, committed 44800K, reserved 1114112K
  class space    used 4411K, committed 4864K, reserved 1048576K
GC Heap History (20 events):
Event: 3.832 GC heap before
{Heap before GC invocations=17 (full 1):
 PSYoungGen      total 24064K, used 24064K [0x00000000d5580000, 0x00000000d7000000, 0x0000000100000000)
  eden space 22016K, 100% used [0x00000000d5580000,0x00000000d6b00000,0x00000000d6b00000)
  from space 2048K, 100% used [0x00000000d6b00000,0x00000000d6d00000,0x00000000d6d00000)
  to   space 2560K, 0% used [0x00000000d6d80000,0x00000000d6d80000,0x00000000d7000000)
 ParOldGen       total 68608K, used 24430K [0x0000000080000000, 0x0000000084300000, 0x00000000d5580000)
  object space 68608K, 35% used [0x0000000080000000,0x00000000817db958,0x0000000084300000)
 Metaspace       used 33963K, committed 34944K, reserved 1114112K
  class space    used 3475K, committed 3904K, reserved 1048576K
}
Event: 3.834 GC heap after
{Heap after GC invocations=17 (full 1):
 PSYoungGen      total 24576K, used 2272K [0x00000000d5580000, 0x00000000d7000000, 0x0000000100000000)
  eden space 22016K, 0% used [0x00000000d5580000,0x00000000d5580000,0x00000000d6b00000)
  from space 2560K, 88% used [0x00000000d6d80000,0x00000000d6fb8010,0x00000000d7000000)
  to   space 2560K, 0% used [0x00000000d6b00000,0x00000000d6b00000,0x00000000d6d80000)
 ParOldGen       total 68608K, used 26358K [0x0000000080000000, 0x0000000084300000, 0x00000000d5580000)
  object space 68608K, 38% used [0x0000000080000000,0x00000000819bd958,0x0000000084300000)
 Metaspace       used 33963K, committed 34944K, reserved 1114112K
  class space    used 3475K, committed 3904K, reserved 1048576K
}
Event: 3.886 GC heap before
{Heap before GC invocations=18 (full 1):
 PSYoungGen      total 24576K, used 24288K [0x00000000d5580000, 0x00000000d7000000, 0x0000000100000000)
  eden space 22016K, 100% used [0x00000000d5580000,0x00000000d6b00000,0x00000000d6b00000)
  from space 2560K, 88% used [0x00000000d6d80000,0x00000000d6fb8010,0x00000000d7000000)
  to   space 2560K, 0% used [0x00000000d6b00000,0x00000000d6b00000,0x00000000d6d80000)
 ParOldGen       total 68608K, used 26358K [0x0000000080000000, 0x0000000084300000, 0x00000000d5580000)
  object space 68608K, 38% used [0x0000000080000000,0x00000000819bd978,0x0000000084300000)
 Metaspace       used 34128K, committed 35136K, reserved 1114112K
  class space    used 3482K, committed 3904K, reserved 1048576K
}
Event: 3.889 GC heap after
{Heap after GC invocations=18 (full 1):
 PSYoungGen      total 24576K, used 2040K [0x00000000d5580000, 0x00000000d7000000, 0x0000000100000000)
  eden space 22016K, 0% used [0x00000000d5580000,0x00000000d5580000,0x00000000d6b00000)
  from space 2560K, 79% used [0x00000000d6b00000,0x00000000d6cfe200,0x00000000d6d80000)
  to   space 2560K, 0% used [0x00000000d6d80000,0x00000000d6d80000,0x00000000d7000000)
 ParOldGen       total 68608K, used 28478K [0x0000000080000000, 0x0000000084300000, 0x00000000d5580000)
  object space 68608K, 41% used [0x0000000080000000,0x0000000081bcf988,0x0000000084300000)
 Metaspace       used 34128K, committed 35136K, reserved 1114112K
  class space    used 3482K, committed 3904K, reserved 1048576K
}
Event: 3.919 GC heap before
{Heap before GC invocations=19 (full 1):
 PSYoungGen      total 24576K, used 8534K [0x00000000d5580000, 0x00000000d7000000, 0x0000000100000000)
  eden space 22016K, 29% used [0x00000000d5580000,0x00000000d5bd7850,0x00000000d6b00000)
  from space 2560K, 79% used [0x00000000d6b00000,0x00000000d6cfe200,0x00000000d6d80000)
  to   space 2560K, 0% used [0x00000000d6d80000,0x00000000d6d80000,0x00000000d7000000)
 ParOldGen       total 68608K, used 28478K [0x0000000080000000, 0x0000000084300000, 0x00000000d5580000)
  object space 68608K, 41% used [0x0000000080000000,0x0000000081bcf988,0x0000000084300000)
 Metaspace       used 34824K, committed 35840K, reserved 1114112K
  class space    used 3550K, committed 3968K, reserved 1048576K
}
Event: 3.920 GC heap after
{Heap after GC invocations=19 (full 1):
 PSYoungGen      total 23040K, used 616K [0x00000000d5580000, 0x00000000d6e80000, 0x0000000100000000)
  eden space 22016K, 0% used [0x00000000d5580000,0x00000000d5580000,0x00000000d6b00000)
  from space 1024K, 60% used [0x00000000d6d80000,0x00000000d6e1a2f8,0x00000000d6e80000)
  to   space 1536K, 0% used [0x00000000d6b80000,0x00000000d6b80000,0x00000000d6d00000)
 ParOldGen       total 68608K, used 30311K [0x0000000080000000, 0x0000000084300000, 0x00000000d5580000)
  object space 68608K, 44% used [0x0000000080000000,0x0000000081d99f00,0x0000000084300000)
 Metaspace       used 34824K, committed 35840K, reserved 1114112K
  class space    used 3550K, committed 3968K, reserved 1048576K
}
Event: 3.921 GC heap before
{Heap before GC invocations=20 (full 2):
 PSYoungGen      total 23040K, used 616K [0x00000000d5580000, 0x00000000d6e80000, 0x0000000100000000)
  eden space 22016K, 0% used [0x00000000d5580000,0x00000000d5580000,0x00000000d6b00000)
  from space 1024K, 60% used [0x00000000d6d80000,0x00000000d6e1a2f8,0x00000000d6e80000)
  to   space 1536K, 0% used [0x00000000d6b80000,0x00000000d6b80000,0x00000000d6d00000)
 ParOldGen       total 68608K, used 30311K [0x0000000080000000, 0x0000000084300000, 0x00000000d5580000)
  object space 68608K, 44% used [0x0000000080000000,0x0000000081d99f00,0x0000000084300000)
 Metaspace       used 34824K, committed 35840K, reserved 1114112K
  class space    used 3550K, committed 3968K, reserved 1048576K
}
Event: 3.952 GC heap after
{Heap after GC invocations=20 (full 2):
 PSYoungGen      total 23040K, used 0K [0x00000000d5580000, 0x00000000d6e80000, 0x0000000100000000)
  eden space 22016K, 0% used [0x00000000d5580000,0x00000000d5580000,0x00000000d6b00000)
  from space 1024K, 0% used [0x00000000d6d80000,0x00000000d6d80000,0x00000000d6e80000)
  to   space 1536K, 0% used [0x00000000d6b80000,0x00000000d6b80000,0x00000000d6d00000)
 ParOldGen       total 68608K, used 28688K [0x0000000080000000, 0x0000000084300000, 0x00000000d5580000)
  object space 68608K, 41% used [0x0000000080000000,0x0000000081c04328,0x0000000084300000)
 Metaspace       used 34755K, committed 35840K, reserved 1114112K
  class space    used 3530K, committed 3968K, reserved 1048576K
}
Event: 4.210 GC heap before
{Heap before GC invocations=21 (full 2):
 PSYoungGen      total 23040K, used 22016K [0x00000000d5580000, 0x00000000d6e80000, 0x0000000100000000)
  eden space 22016K, 100% used [0x00000000d5580000,0x00000000d6b00000,0x00000000d6b00000)
  from space 1024K, 0% used [0x00000000d6d80000,0x00000000d6d80000,0x00000000d6e80000)
  to   space 1536K, 0% used [0x00000000d6b80000,0x00000000d6b80000,0x00000000d6d00000)
 ParOldGen       total 68608K, used 28692K [0x0000000080000000, 0x0000000084300000, 0x00000000d5580000)
  object space 68608K, 41% used [0x0000000080000000,0x0000000081c05200,0x0000000084300000)
 Metaspace       used 36637K, committed 37632K, reserved 1114112K
  class space    used 3724K, committed 4160K, reserved 1048576K
}
Event: 4.211 GC heap after
{Heap after GC invocations=21 (full 2):
 PSYoungGen      total 23552K, used 560K [0x00000000d5580000, 0x00000000d6e00000, 0x0000000100000000)
  eden space 22016K, 0% used [0x00000000d5580000,0x00000000d5580000,0x00000000d6b00000)
  from space 1536K, 36% used [0x00000000d6b80000,0x00000000d6c0c010,0x00000000d6d00000)
  to   space 1024K, 0% used [0x00000000d6d00000,0x00000000d6d00000,0x00000000d6e00000)
 ParOldGen       total 68608K, used 28700K [0x0000000080000000, 0x0000000084300000, 0x00000000d5580000)
  object space 68608K, 41% used [0x0000000080000000,0x0000000081c07200,0x0000000084300000)
 Metaspace       used 36637K, committed 37632K, reserved 1114112K
  class space    used 3724K, committed 4160K, reserved 1048576K
}
Event: 4.437 GC heap before
{Heap before GC invocations=22 (full 2):
 PSYoungGen      total 23552K, used 22576K [0x00000000d5580000, 0x00000000d6e00000, 0x0000000100000000)
  eden space 22016K, 100% used [0x00000000d5580000,0x00000000d6b00000,0x00000000d6b00000)
  from space 1536K, 36% used [0x00000000d6b80000,0x00000000d6c0c010,0x00000000d6d00000)
  to   space 1024K, 0% used [0x00000000d6d00000,0x00000000d6d00000,0x00000000d6e00000)
 ParOldGen       total 68608K, used 28700K [0x0000000080000000, 0x0000000084300000, 0x00000000d5580000)
  object space 68608K, 41% used [0x0000000080000000,0x0000000081c07200,0x0000000084300000)
 Metaspace       used 37906K, committed 38912K, reserved 1114112K
  class space    used 3859K, committed 4288K, reserved 1048576K
}
Event: 4.438 GC heap after
{Heap after GC invocations=22 (full 2):
 PSYoungGen      total 23040K, used 800K [0x00000000d5580000, 0x00000000d6e00000, 0x0000000100000000)
  eden space 22016K, 0% used [0x00000000d5580000,0x00000000d5580000,0x00000000d6b00000)
  from space 1024K, 78% used [0x00000000d6d00000,0x00000000d6dc8000,0x00000000d6e00000)
  to   space 1024K, 0% used [0x00000000d6c00000,0x00000000d6c00000,0x00000000d6d00000)
 ParOldGen       total 68608K, used 29056K [0x0000000080000000, 0x0000000084300000, 0x00000000d5580000)
  object space 68608K, 42% used [0x0000000080000000,0x0000000081c60398,0x0000000084300000)
 Metaspace       used 37906K, committed 38912K, reserved 1114112K
  class space    used 3859K, committed 4288K, reserved 1048576K
}
Event: 4.585 GC heap before
{Heap before GC invocations=23 (full 2):
 PSYoungGen      total 23040K, used 22816K [0x00000000d5580000, 0x00000000d6e00000, 0x0000000100000000)
  eden space 22016K, 100% used [0x00000000d5580000,0x00000000d6b00000,0x00000000d6b00000)
  from space 1024K, 78% used [0x00000000d6d00000,0x00000000d6dc8000,0x00000000d6e00000)
  to   space 1024K, 0% used [0x00000000d6c00000,0x00000000d6c00000,0x00000000d6d00000)
 ParOldGen       total 68608K, used 29056K [0x0000000080000000, 0x0000000084300000, 0x00000000d5580000)
  object space 68608K, 42% used [0x0000000080000000,0x0000000081c60398,0x0000000084300000)
 Metaspace       used 39365K, committed 40384K, reserved 1114112K
  class space    used 4045K, committed 4480K, reserved 1048576K
}
Event: 4.587 GC heap after
{Heap after GC invocations=23 (full 2):
 PSYoungGen      total 23040K, used 993K [0x00000000d5580000, 0x00000000d6f00000, 0x0000000100000000)
  eden space 22016K, 0% used [0x00000000d5580000,0x00000000d5580000,0x00000000d6b00000)
  from space 1024K, 96% used [0x00000000d6c00000,0x00000000d6cf8458,0x00000000d6d00000)
  to   space 2048K, 0% used [0x00000000d6d00000,0x00000000d6d00000,0x00000000d6f00000)
 ParOldGen       total 68608K, used 29920K [0x0000000080000000, 0x0000000084300000, 0x00000000d5580000)
  object space 68608K, 43% used [0x0000000080000000,0x0000000081d383e8,0x0000000084300000)
 Metaspace       used 39365K, committed 40384K, reserved 1114112K
  class space    used 4045K, committed 4480K, reserved 1048576K
}
Event: 5.173 GC heap before
{Heap before GC invocations=24 (full 2):
 PSYoungGen      total 23040K, used 22841K [0x00000000d5580000, 0x00000000d6f00000, 0x0000000100000000)
  eden space 22016K, 99% used [0x00000000d5580000,0x00000000d6ad6238,0x00000000d6b00000)
  from space 1024K, 96% used [0x00000000d6c00000,0x00000000d6cf8458,0x00000000d6d00000)
  to   space 2048K, 0% used [0x00000000d6d00000,0x00000000d6d00000,0x00000000d6f00000)
 ParOldGen       total 68608K, used 29920K [0x0000000080000000, 0x0000000084300000, 0x00000000d5580000)
  object space 68608K, 43% used [0x0000000080000000,0x0000000081d383e8,0x0000000084300000)
 Metaspace       used 41193K, committed 42304K, reserved 1114112K
  class space    used 4201K, committed 4672K, reserved 1048576K
}
Event: 5.174 GC heap after
{Heap after GC invocations=24 (full 2):
 PSYoungGen      total 20992K, used 2037K [0x00000000d5580000, 0x00000000d7500000, 0x0000000100000000)
  eden space 18944K, 0% used [0x00000000d5580000,0x00000000d5580000,0x00000000d6800000)
  from space 2048K, 99% used [0x00000000d6d00000,0x00000000d6efd6d8,0x00000000d6f00000)
  to   space 5120K, 0% used [0x00000000d6800000,0x00000000d6800000,0x00000000d6d00000)
 ParOldGen       total 68608K, used 32376K [0x0000000080000000, 0x0000000084300000, 0x00000000d5580000)
  object space 68608K, 47% used [0x0000000080000000,0x0000000081f9e198,0x0000000084300000)
 Metaspace       used 41193K, committed 42304K, reserved 1114112K
  class space    used 4201K, committed 4672K, reserved 1048576K
}
Event: 5.211 GC heap before
{Heap before GC invocations=25 (full 2):
 PSYoungGen      total 20992K, used 20954K [0x00000000d5580000, 0x00000000d7500000, 0x0000000100000000)
  eden space 18944K, 99% used [0x00000000d5580000,0x00000000d67f9498,0x00000000d6800000)
  from space 2048K, 99% used [0x00000000d6d00000,0x00000000d6efd6d8,0x00000000d6f00000)
  to   space 5120K, 0% used [0x00000000d6800000,0x00000000d6800000,0x00000000d6d00000)
 ParOldGen       total 68608K, used 32376K [0x0000000080000000, 0x0000000084300000, 0x00000000d5580000)
  object space 68608K, 47% used [0x0000000080000000,0x0000000081f9e198,0x0000000084300000)
 Metaspace       used 41214K, committed 42304K, reserved 1114112K
  class space    used 4201K, committed 4672K, reserved 1048576K
}
Event: 5.212 GC heap after
{Heap after GC invocations=25 (full 2):
 PSYoungGen      total 19456K, used 333K [0x00000000d5580000, 0x00000000d6d80000, 0x0000000100000000)
  eden space 18944K, 0% used [0x00000000d5580000,0x00000000d5580000,0x00000000d6800000)
  from space 512K, 65% used [0x00000000d6800000,0x00000000d6853680,0x00000000d6880000)
  to   space 2048K, 0% used [0x00000000d6b80000,0x00000000d6b80000,0x00000000d6d80000)
 ParOldGen       total 68608K, used 33704K [0x0000000080000000, 0x0000000084300000, 0x00000000d5580000)
  object space 68608K, 49% used [0x0000000080000000,0x00000000820ea0d0,0x0000000084300000)
 Metaspace       used 41214K, committed 42304K, reserved 1114112K
  class space    used 4201K, committed 4672K, reserved 1048576K
}
Event: 5.326 GC heap before
{Heap before GC invocations=26 (full 2):
 PSYoungGen      total 19456K, used 19277K [0x00000000d5580000, 0x00000000d6d80000, 0x0000000100000000)
  eden space 18944K, 100% used [0x00000000d5580000,0x00000000d6800000,0x00000000d6800000)
  from space 512K, 65% used [0x00000000d6800000,0x00000000d6853680,0x00000000d6880000)
  to   space 2048K, 0% used [0x00000000d6b80000,0x00000000d6b80000,0x00000000d6d80000)
 ParOldGen       total 68608K, used 33704K [0x0000000080000000, 0x0000000084300000, 0x00000000d5580000)
  object space 68608K, 49% used [0x0000000080000000,0x00000000820ea0d0,0x0000000084300000)
 Metaspace       used 43057K, committed 44160K, reserved 1114112K
  class space    used 4356K, committed 4800K, reserved 1048576K
}
Event: 5.327 GC heap after
{Heap after GC invocations=26 (full 2):
 PSYoungGen      total 19456K, used 480K [0x00000000d5580000, 0x00000000d6c00000, 0x0000000100000000)
  eden space 18944K, 0% used [0x00000000d5580000,0x00000000d5580000,0x00000000d6800000)
  from space 512K, 93% used [0x00000000d6b80000,0x00000000d6bf8000,0x00000000d6c00000)
  to   space 1024K, 0% used [0x00000000d6a00000,0x00000000d6a00000,0x00000000d6b00000)
 ParOldGen       total 68608K, used 33736K [0x0000000080000000, 0x0000000084300000, 0x00000000d5580000)
  object space 68608K, 49% used [0x0000000080000000,0x00000000820f20d0,0x0000000084300000)
 Metaspace       used 43057K, committed 44160K, reserved 1114112K
  class space    used 4356K, committed 4800K, reserved 1048576K
}

